2025-05-05 23:32:35,152 - INFO - Successfully generated new song tags
2025-05-05 23:32:35,155 - INFO - Successfully wrote test file
2025-05-05 23:32:35,160 - INFO - Missing song: Really Something
2025-05-05 23:32:35,160 - INFO - Missing song: Una Foto Para Recordar
2025-05-05 23:32:35,160 - INFO - Missing song: Youtuber Anthem
2025-05-05 23:32:35,160 - INFO - Missing song: Eternamente En Deuda
2025-05-05 23:32:35,160 - INFO - Missing song: Labyrinths Mine
2025-05-05 23:32:35,160 - INFO - Missing song: .
2025-05-05 23:32:35,160 - INFO - Missing song: I Write The Songs
2025-05-05 23:32:35,160 - INFO - Missing song: Un Nuevo Amanecer
2025-05-05 23:32:35,160 - INFO - Missing song: Slow Dancing In Time 1
2025-05-05 23:35:10,508 - INFO - Successfully generated new song tags
2025-05-05 23:35:10,511 - INFO - Successfully wrote test file
2025-05-05 23:35:10,516 - INFO - Missing song: Una Foto Para Recordar
2025-05-05 23:35:10,516 - INFO - Missing song: I Write The Songs
2025-05-05 23:35:10,516 - INFO - Missing song: Really Something
2025-05-05 23:35:10,516 - INFO - Missing song: Eternamente En Deuda
2025-05-05 23:35:10,516 - INFO - Missing song: Un Nuevo Amanecer
2025-05-05 23:35:10,516 - INFO - Missing song: Labyrinths Mine
2025-05-05 23:35:10,516 - INFO - Missing song: .
2025-05-05 23:35:10,516 - INFO - Missing song: Slow Dancing In Time 1
2025-05-05 23:35:10,516 - INFO - Missing song: Youtuber Anthem
2025-05-05 23:35:38,927 - INFO - Successfully generated new song tags
2025-05-05 23:35:38,930 - INFO - Successfully wrote test file
2025-05-05 23:35:38,936 - INFO - Missing song: Un Nuevo Amanecer
2025-05-05 23:35:38,936 - INFO - Missing song: Una Foto Para Recordar
2025-05-05 23:35:38,936 - INFO - Missing song: Eternamente En Deuda
2025-05-05 23:35:38,936 - INFO - Missing song: I Write The Songs
2025-05-05 23:35:38,936 - INFO - Missing song: Really Something
2025-05-05 23:35:38,936 - INFO - Missing song: Labyrinths Mine
2025-05-05 23:35:38,936 - INFO - Missing song: Slow Dancing In Time 1
2025-05-05 23:35:38,936 - INFO - Missing song: Youtuber Anthem
2025-05-05 23:35:56,534 - INFO - Successfully generated new song tags
2025-05-05 23:35:56,537 - INFO - Successfully wrote test file
2025-05-05 23:35:56,543 - INFO - Missing song: I Write The Songs
2025-05-05 23:35:56,543 - INFO - Missing song: Slow Dancing In Time 1
2025-05-05 23:35:56,543 - INFO - Missing song: Una Foto Para Recordar
2025-05-05 23:35:56,543 - INFO - Missing song: Youtuber Anthem
2025-05-05 23:35:56,543 - INFO - Missing song: Labyrinths Mine
2025-05-05 23:35:56,543 - INFO - Missing song: Un Nuevo Amanecer
2025-05-05 23:35:56,543 - INFO - Missing song: Eternamente En Deuda
2025-05-05 23:37:06,884 - INFO - Successfully generated new song tags
2025-05-05 23:37:06,887 - INFO - Successfully wrote test file
2025-05-05 23:47:34,985 - INFO - Successfully generated new song tags
2025-05-05 23:47:34,988 - INFO - Successfully wrote test file
2025-05-05 23:47:56,055 - INFO - Successfully generated new song tags
2025-05-05 23:47:56,058 - INFO - Successfully wrote test file
2025-05-05 23:47:56,065 - INFO - Missing song: un nuevo amanecer
2025-05-05 23:47:56,065 - INFO - Missing song: Hear the silence from Within
2025-05-05 23:47:56,065 - INFO - Missing song: Rewrite the Moment
2025-05-05 23:47:56,065 - INFO - Missing song: Journey to Myself
2025-05-05 23:47:56,065 - INFO - Missing song: si no fueras tu
2025-05-05 23:47:56,065 - INFO - Missing song: Faro y Reflejo
2025-05-05 23:47:56,065 - INFO - Missing song: The Tone of the Heart
2025-05-05 23:47:56,065 - INFO - Missing song: Be the Brick
2025-05-05 23:47:56,065 - INFO - Missing song: Labyrinths mine
2025-05-05 23:47:56,065 - INFO - Missing song: I Write the Songs
2025-05-05 23:47:56,065 - INFO - Missing song: You'll always be my spark
2025-05-05 23:47:56,065 - INFO - Missing song: only a picture to remember
2025-05-05 23:47:56,065 - INFO - Missing song: Slow Dancing in Time 1
2025-05-05 23:47:56,065 - INFO - Missing song: eternamente en deuda
2025-05-05 23:47:56,065 - INFO - Missing song: Bailando en el Oasis
2025-05-05 23:47:56,065 - INFO - Missing song: una foto para recordar
2025-05-05 23:47:56,065 - INFO - Missing song: ¿habrá un mañana?
2025-05-05 23:47:56,065 - INFO - Missing song: Footsteps in a Day
2025-05-05 23:47:56,065 - INFO - Missing song: Answer in the Wind
2025-05-05 23:47:56,065 - INFO - Missing song: El Vuelo del Fénix
2025-05-05 23:47:56,065 - INFO - Missing song: freedom is our prayer
2025-05-05 23:47:56,065 - INFO - Missing song: Hide the evidence
2025-05-05 23:47:56,065 - INFO - Missing song: pockets
2025-05-05 23:47:56,065 - INFO - Missing song: Lend me an Ear
2025-05-05 23:47:56,065 - INFO - Missing song: Song on the Cloud
2025-05-05 23:47:56,065 - INFO - Missing song: Faith and change
2025-05-05 23:47:56,065 - INFO - Missing song: open your heart
2025-05-05 23:47:56,065 - INFO - Missing song: Body Art of the Heart
2025-05-05 23:47:56,065 - INFO - Missing song: under the red star
2025-05-05 23:47:56,065 - INFO - Missing song: sleepless in Dreamland
2025-05-05 23:47:56,065 - INFO - Missing song: spitha
2025-05-05 23:47:56,065 - INFO - Missing song: Count Ten to One
2025-05-05 23:47:56,065 - INFO - Missing song: The Journey's the Destination
2025-05-05 23:47:56,065 - INFO - Missing song: Madre y Esposa a la Vez
2025-05-05 23:47:56,065 - INFO - Missing song: why today
2025-05-05 23:47:56,065 - INFO - Missing song: Markings on the Road
2025-05-05 23:47:56,065 - INFO - Missing song: Carpe Diem - seize the day
2025-05-05 23:47:56,065 - INFO - Missing song: Let's Write a Song
2025-05-05 23:47:56,065 - INFO - Missing song: a son and a father
2025-05-05 23:47:56,065 - INFO - Missing song: Granja de Sueños
2025-05-05 23:47:56,065 - INFO - Missing song: Escribió "Sí" en la Arena
2025-05-05 23:47:56,065 - INFO - Missing song: He's bent up, but he's back
2025-05-05 23:47:56,065 - INFO - Missing song: How to Save Love
2025-05-05 23:47:56,065 - INFO - Missing song: We're not going back
2025-05-05 23:47:56,065 - INFO - Missing song: Madre e hija a la vez
2025-05-05 23:47:56,065 - INFO - Missing song: The Journey to Myself
2025-05-05 23:48:15,239 - INFO - Successfully generated new song tags
2025-05-05 23:48:15,243 - INFO - Successfully wrote test file
2025-05-05 23:48:15,249 - INFO - Missing song: Carpe Diem - seize the day
2025-05-05 23:48:31,827 - INFO - Successfully generated new song tags
2025-05-05 23:48:31,830 - INFO - Successfully wrote test file
2025-05-05 23:48:31,836 - INFO - Missing song: Carpe Diem - seize the day
2025-05-05 23:48:55,633 - INFO - Successfully generated new song tags
2025-05-05 23:48:55,636 - INFO - Successfully wrote test file
2025-05-05 23:48:55,643 - INFO - Missing song: Carpe Diem - seize the day
2025-05-05 23:49:16,228 - INFO - Successfully generated new song tags
2025-05-05 23:49:16,232 - INFO - Successfully wrote test file
2025-05-05 23:49:16,239 - INFO - Missing song: Carpe Diem   seize the day
2025-05-05 23:49:43,463 - INFO - Successfully generated new song tags
2025-05-05 23:49:43,467 - INFO - Successfully wrote test file
2025-05-05 23:49:43,473 - INFO - Missing song: Carpe Diem   seize the day
2025-05-05 23:50:09,071 - INFO - Successfully generated new song tags
2025-05-05 23:50:09,074 - INFO - Successfully wrote test file
2025-05-05 23:50:09,080 - INFO - Missing song: Carpe Diem   seize the day
2025-05-05 23:51:13,664 - INFO - Successfully generated new song tags
2025-05-05 23:51:13,667 - INFO - Successfully wrote test file
2025-05-05 23:51:13,673 - INFO - Missing song: Carpe Diem   seize the day
2025-05-05 23:51:46,240 - INFO - Successfully generated new song tags
2025-05-05 23:51:46,243 - INFO - Successfully wrote test file
2025-05-05 23:51:46,250 - INFO - Missing song: Carpe Diem   seize the day
2025-05-05 23:52:17,282 - INFO - Successfully generated new song tags
2025-05-05 23:52:17,285 - INFO - Successfully wrote test file
2025-05-05 23:52:17,291 - INFO - Missing song: Carpe Diem   seize the day
2025-05-05 23:52:47,130 - INFO - Successfully generated new song tags
2025-05-05 23:52:47,133 - INFO - Successfully wrote test file
2025-05-05 23:52:47,139 - INFO - Missing song: Carpe Diem   seize the day
2025-05-05 23:53:11,285 - INFO - Successfully generated new song tags
2025-05-05 23:53:11,288 - INFO - Successfully wrote test file
2025-05-05 23:53:11,295 - INFO - Missing song: Carpe Diem   seize the day
2025-05-05 23:56:42,480 - ERROR - Directory name contains hyphen: Carpe Diem - seize the day
2025-05-05 23:56:42,480 - INFO - Successfully generated new song tags
2025-05-05 23:56:42,483 - INFO - Successfully wrote test file
2025-05-05 23:56:42,489 - ERROR - Error in main execution: 'FileHandler' object has no attribute 'records'
2025-05-05 23:57:27,734 - ERROR - Directory name contains hyphen: Carpe Diem - seize the day
2025-05-05 23:57:27,735 - INFO - Successfully generated new song tags
2025-05-05 23:57:27,738 - INFO - Successfully wrote test file
2025-05-05 23:57:27,745 - ERROR - Error in main execution: 'FileHandler' object has no attribute 'records'
2025-05-05 23:57:56,225 - ERROR - Directory name contains hyphen: Carpe Diem - seize the day
2025-05-05 23:57:56,235 - INFO - All songs in lyrics files are present in song_tags.yml
2025-05-05 23:57:56,235 - INFO - 
Directories skipped due to hyphenated names:
2025-05-05 23:57:56,235 - INFO - - Carpe Diem - seize the day
2025-05-05 23:57:56,235 - INFO - - Carpe Diem - seize the day
2025-05-05 23:57:56,235 - INFO - - Carpe Diem - seize the day
2025-05-05 23:57:56,235 - INFO - 
Successfully completed song tag generation
2025-05-06 00:01:12,711 - ERROR - Directory name contains hyphen: Carpe Diem - Seize The Day
2025-05-06 00:01:12,721 - INFO - All songs in lyrics files are present in song_tags.yml
2025-05-06 00:01:12,721 - INFO - 
Directories skipped due to hyphenated names:
2025-05-06 00:01:12,721 - INFO - - Carpe Diem - seize the day
2025-05-06 00:01:12,721 - INFO - - Carpe Diem - seize the day
2025-05-06 00:01:12,721 - INFO - - Carpe Diem - seize the day
2025-05-06 00:01:12,721 - INFO - - Carpe Diem - Seize The Day
2025-05-06 00:01:12,721 - INFO - 
Successfully completed song tag generation
2025-05-06 00:01:25,169 - INFO - 
Songs in lyrics files but missing from song_tags.yml:
2025-05-06 00:01:25,169 - INFO - - Carpe Diem Seize The Day
2025-05-06 00:01:25,169 - INFO - 
Directories skipped due to hyphenated names:
2025-05-06 00:01:25,169 - INFO - - Carpe Diem - seize the day
2025-05-06 00:01:25,169 - INFO - - Carpe Diem - seize the day
2025-05-06 00:01:25,169 - INFO - - Carpe Diem - seize the day
2025-05-06 00:01:25,169 - INFO - - Carpe Diem - Seize The Day
2025-05-06 00:01:25,169 - INFO - 
Successfully completed song tag generation
2025-05-06 00:01:38,470 - INFO - All songs in lyrics files are present in song_tags.yml
2025-05-06 00:01:38,471 - INFO - 
Directories skipped due to hyphenated names:
2025-05-06 00:01:38,471 - INFO - - Carpe Diem - seize the day
2025-05-06 00:01:38,471 - INFO - - Carpe Diem - seize the day
2025-05-06 00:01:38,471 - INFO - - Carpe Diem - seize the day
2025-05-06 00:01:38,471 - INFO - - Carpe Diem - Seize The Day
2025-05-06 00:01:38,471 - INFO - 
Successfully completed song tag generation
2025-05-06 00:14:56,559 - INFO - 
Songs in lyrics files but missing from song_tags.yml:
2025-05-06 00:14:56,560 - INFO - - Madre y Padre a la Vez
2025-05-06 00:14:56,560 - INFO - 
Directories skipped due to hyphenated names:
2025-05-06 00:14:56,560 - INFO - - Carpe Diem - seize the day
2025-05-06 00:14:56,560 - INFO - - Carpe Diem - seize the day
2025-05-06 00:14:56,560 - INFO - - Carpe Diem - seize the day
2025-05-06 00:14:56,560 - INFO - - Carpe Diem - Seize The Day
2025-05-06 00:14:56,560 - INFO - 
Successfully completed song tag generation
2025-05-06 00:15:33,904 - INFO - All songs in lyrics files are present in song_tags.yml
2025-05-06 00:15:33,904 - INFO - 
Directories skipped due to hyphenated names:
2025-05-06 00:15:33,904 - INFO - - Carpe Diem - seize the day
2025-05-06 00:15:33,904 - INFO - - Carpe Diem - seize the day
2025-05-06 00:15:33,904 - INFO - - Carpe Diem - seize the day
2025-05-06 00:15:33,904 - INFO - - Carpe Diem - Seize The Day
2025-05-06 00:15:33,904 - INFO - 
Successfully completed song tag generation
2025-05-06 05:59:10,681 - INFO - Removing deleted song from tags: A Son And A Father
2025-05-06 05:59:10,681 - INFO - Removing deleted song from tags: A Son And His Father
2025-05-06 05:59:10,681 - INFO - Removing deleted song from tags: Accompaniment
2025-05-06 05:59:10,681 - INFO - Removing deleted song from tags: Answer In The Wind
2025-05-06 05:59:10,681 - INFO - Removing deleted song from tags: Bailando En El Oasis
2025-05-06 05:59:10,681 - INFO - Removing deleted song from tags: Be The Brick
2025-05-06 05:59:10,681 - INFO - Removing deleted song from tags: Body Art Of The Heart
2025-05-06 05:59:10,681 - INFO - Removing deleted song from tags: Carpe Diem  Seize The Day
2025-05-06 05:59:10,681 - INFO - Removing deleted song from tags: Connections
2025-05-06 05:59:10,681 - INFO - Removing deleted song from tags: Count Ten To One
2025-05-06 05:59:10,681 - INFO - Removing deleted song from tags: El Vuelo Del Fénix
2025-05-06 05:59:10,681 - INFO - Removing deleted song from tags: Enternament En Gracia
2025-05-06 05:59:10,681 - INFO - Removing deleted song from tags: Escribió "Sí" En La Arena
2025-05-06 05:59:10,681 - INFO - Removing deleted song from tags: Eternamente En Deuda
2025-05-06 05:59:10,681 - INFO - Removing deleted song from tags: Faith And Change
2025-05-06 05:59:10,681 - INFO - Removing deleted song from tags: Faro Y Reflejo
2025-05-06 05:59:10,681 - INFO - Removing deleted song from tags: Footsteps In A Day
2025-05-06 05:59:10,681 - INFO - Removing deleted song from tags: Freedom Is Our Prayer
2025-05-06 05:59:10,681 - INFO - Removing deleted song from tags: Granja De Sueños
2025-05-06 05:59:10,681 - INFO - Removing deleted song from tags: He'S Bent Up, But He'S Back
2025-05-06 05:59:10,681 - INFO - Removing deleted song from tags: Hear The Silence From Within
2025-05-06 05:59:10,681 - INFO - Removing deleted song from tags: Hide The Evidence
2025-05-06 05:59:10,681 - INFO - Removing deleted song from tags: How To Save Love
2025-05-06 05:59:10,682 - INFO - Removing deleted song from tags: I Write The Songs
2025-05-06 05:59:10,682 - INFO - Removing deleted song from tags: I'M Trying
2025-05-06 05:59:10,682 - INFO - Removing deleted song from tags: Journey To Myself
2025-05-06 05:59:10,682 - INFO - Removing deleted song from tags: Labyrinths Min
2025-05-06 05:59:10,682 - INFO - Removing deleted song from tags: Labyrinths Mine
2025-05-06 05:59:10,682 - INFO - Removing deleted song from tags: Lend Me An Ear
2025-05-06 05:59:10,682 - INFO - Removing deleted song from tags: Let'S Write A Song
2025-05-06 05:59:10,682 - INFO - Removing deleted song from tags: Madre E Hija A La Vez
2025-05-06 05:59:10,682 - INFO - Removing deleted song from tags: Madre Y Esposa A La Vez
2025-05-06 05:59:10,682 - INFO - Removing deleted song from tags: Markings On The Road
2025-05-06 05:59:10,682 - INFO - Removing deleted song from tags: Only A Picture To Remember
2025-05-06 05:59:10,682 - INFO - Removing deleted song from tags: Open Your Heart
2025-05-06 05:59:10,682 - INFO - Removing deleted song from tags: Pockets
2025-05-06 05:59:10,682 - INFO - Removing deleted song from tags: Rewrite The Moment
2025-05-06 05:59:10,682 - INFO - Removing deleted song from tags: Si No Fueras Tu
2025-05-06 05:59:10,682 - INFO - Removing deleted song from tags: Sleepless In Dreamland
2025-05-06 05:59:10,682 - INFO - Removing deleted song from tags: Slow Dancing In Time
2025-05-06 05:59:10,682 - INFO - Removing deleted song from tags: Slow Dancing In Time 1
2025-05-06 05:59:10,682 - INFO - Removing deleted song from tags: Song On The Cloud
2025-05-06 05:59:10,682 - INFO - Removing deleted song from tags: Spitha
2025-05-06 05:59:10,682 - INFO - Removing deleted song from tags: That Make Hearts Soar
2025-05-06 05:59:10,682 - INFO - Removing deleted song from tags: The Answer In The Wind
2025-05-06 05:59:10,682 - INFO - Removing deleted song from tags: The Journey To Myself
2025-05-06 05:59:10,682 - INFO - Removing deleted song from tags: The Journey'S The Destination
2025-05-06 05:59:10,682 - INFO - Removing deleted song from tags: The Tone Of The Heart
2025-05-06 05:59:10,682 - INFO - Removing deleted song from tags: Un Foto Para Recordar
2025-05-06 05:59:10,682 - INFO - Removing deleted song from tags: Un Nuevo Amanecer
2025-05-06 05:59:10,682 - INFO - Removing deleted song from tags: Un Nuevo Amanezer
2025-05-06 05:59:10,682 - INFO - Removing deleted song from tags: Una Foto Para Recordar
2025-05-06 05:59:10,682 - INFO - Removing deleted song from tags: Under The Red Star
2025-05-06 05:59:10,682 - INFO - Removing deleted song from tags: Under The Red Star. V2
2025-05-06 05:59:10,682 - INFO - Removing deleted song from tags: We'Re Not Going Back
2025-05-06 05:59:10,682 - INFO - Removing deleted song from tags: Why Today
2025-05-06 05:59:10,682 - INFO - Removing deleted song from tags: Y Aura T Il Demain?
2025-05-06 05:59:10,682 - INFO - Removing deleted song from tags: You'Ll Always Be My Spark
2025-05-06 05:59:10,682 - INFO - Removing deleted song from tags: Youtubero Aventurero
2025-05-06 05:59:10,682 - INFO - Removing deleted song from tags: ¿Habrá Un Mañana?
2025-05-06 05:59:10,692 - INFO - 
Songs in lyrics files but missing from song_tags.yml:
2025-05-06 05:59:10,692 - INFO - - Another Test 2
2025-05-06 05:59:10,692 - INFO - - Another Test 1
2025-05-06 05:59:10,692 - INFO - - Another Test 3
2025-05-06 05:59:10,692 - INFO - 
Directories skipped due to hyphenated names:
2025-05-06 05:59:10,692 - INFO - - Carpe Diem - seize the day
2025-05-06 05:59:10,692 - INFO - - Carpe Diem - seize the day
2025-05-06 05:59:10,692 - INFO - - Carpe Diem - seize the day
2025-05-06 05:59:10,693 - INFO - - Carpe Diem - Seize The Day
2025-05-06 05:59:10,693 - INFO - 
Successfully completed song tag generation
2025-05-06 06:00:09,707 - INFO - Removing deleted song from tags: A Son And A Father
2025-05-06 06:00:09,707 - INFO - Removing deleted song from tags: A Son And His Father
2025-05-06 06:00:09,707 - INFO - Removing deleted song from tags: Accompaniment
2025-05-06 06:00:09,707 - INFO - Removing deleted song from tags: Answer In The Wind
2025-05-06 06:00:09,707 - INFO - Removing deleted song from tags: Bailando En El Oasis
2025-05-06 06:00:09,707 - INFO - Removing deleted song from tags: Be The Brick
2025-05-06 06:00:09,707 - INFO - Removing deleted song from tags: Body Art Of The Heart
2025-05-06 06:00:09,707 - INFO - Removing deleted song from tags: Carpe Diem  Seize The Day
2025-05-06 06:00:09,707 - INFO - Removing deleted song from tags: Connections
2025-05-06 06:00:09,707 - INFO - Removing deleted song from tags: Count Ten To One
2025-05-06 06:00:09,707 - INFO - Removing deleted song from tags: El Vuelo Del Fénix
2025-05-06 06:00:09,707 - INFO - Removing deleted song from tags: Enternament En Gracia
2025-05-06 06:00:09,707 - INFO - Removing deleted song from tags: Escribió "Sí" En La Arena
2025-05-06 06:00:09,707 - INFO - Removing deleted song from tags: Eternamente En Deuda
2025-05-06 06:00:09,707 - INFO - Removing deleted song from tags: Faith And Change
2025-05-06 06:00:09,707 - INFO - Removing deleted song from tags: Faro Y Reflejo
2025-05-06 06:00:09,707 - INFO - Removing deleted song from tags: Footsteps In A Day
2025-05-06 06:00:09,707 - INFO - Removing deleted song from tags: Freedom Is Our Prayer
2025-05-06 06:00:09,707 - INFO - Removing deleted song from tags: Granja De Sueños
2025-05-06 06:00:09,707 - INFO - Removing deleted song from tags: He'S Bent Up, But He'S Back
2025-05-06 06:00:09,707 - INFO - Removing deleted song from tags: Hear The Silence From Within
2025-05-06 06:00:09,708 - INFO - Removing deleted song from tags: Hide The Evidence
2025-05-06 06:00:09,708 - INFO - Removing deleted song from tags: How To Save Love
2025-05-06 06:00:09,708 - INFO - Removing deleted song from tags: I Write The Songs
2025-05-06 06:00:09,708 - INFO - Removing deleted song from tags: I'M Trying
2025-05-06 06:00:09,708 - INFO - Removing deleted song from tags: Journey To Myself
2025-05-06 06:00:09,708 - INFO - Removing deleted song from tags: Labyrinths Min
2025-05-06 06:00:09,708 - INFO - Removing deleted song from tags: Labyrinths Mine
2025-05-06 06:00:09,708 - INFO - Removing deleted song from tags: Lend Me An Ear
2025-05-06 06:00:09,708 - INFO - Removing deleted song from tags: Let'S Write A Song
2025-05-06 06:00:09,708 - INFO - Removing deleted song from tags: Madre E Hija A La Vez
2025-05-06 06:00:09,708 - INFO - Removing deleted song from tags: Madre Y Esposa A La Vez
2025-05-06 06:00:09,708 - INFO - Removing deleted song from tags: Markings On The Road
2025-05-06 06:00:09,708 - INFO - Removing deleted song from tags: Only A Picture To Remember
2025-05-06 06:00:09,708 - INFO - Removing deleted song from tags: Open Your Heart
2025-05-06 06:00:09,708 - INFO - Removing deleted song from tags: Pockets
2025-05-06 06:00:09,708 - INFO - Removing deleted song from tags: Rewrite The Moment
2025-05-06 06:00:09,708 - INFO - Removing deleted song from tags: Si No Fueras Tu
2025-05-06 06:00:09,708 - INFO - Removing deleted song from tags: Sleepless In Dreamland
2025-05-06 06:00:09,708 - INFO - Removing deleted song from tags: Slow Dancing In Time
2025-05-06 06:00:09,708 - INFO - Removing deleted song from tags: Slow Dancing In Time 1
2025-05-06 06:00:09,708 - INFO - Removing deleted song from tags: Song On The Cloud
2025-05-06 06:00:09,708 - INFO - Removing deleted song from tags: Spitha
2025-05-06 06:00:09,708 - INFO - Removing deleted song from tags: That Make Hearts Soar
2025-05-06 06:00:09,708 - INFO - Removing deleted song from tags: The Answer In The Wind
2025-05-06 06:00:09,708 - INFO - Removing deleted song from tags: The Journey To Myself
2025-05-06 06:00:09,708 - INFO - Removing deleted song from tags: The Journey'S The Destination
2025-05-06 06:00:09,708 - INFO - Removing deleted song from tags: The Tone Of The Heart
2025-05-06 06:00:09,708 - INFO - Removing deleted song from tags: Un Foto Para Recordar
2025-05-06 06:00:09,708 - INFO - Removing deleted song from tags: Un Nuevo Amanecer
2025-05-06 06:00:09,708 - INFO - Removing deleted song from tags: Un Nuevo Amanezer
2025-05-06 06:00:09,708 - INFO - Removing deleted song from tags: Una Foto Para Recordar
2025-05-06 06:00:09,708 - INFO - Removing deleted song from tags: Under The Red Star
2025-05-06 06:00:09,708 - INFO - Removing deleted song from tags: Under The Red Star. V2
2025-05-06 06:00:09,708 - INFO - Removing deleted song from tags: We'Re Not Going Back
2025-05-06 06:00:09,708 - INFO - Removing deleted song from tags: Why Today
2025-05-06 06:00:09,708 - INFO - Removing deleted song from tags: Y Aura T Il Demain?
2025-05-06 06:00:09,708 - INFO - Removing deleted song from tags: You'Ll Always Be My Spark
2025-05-06 06:00:09,708 - INFO - Removing deleted song from tags: Youtubero Aventurero
2025-05-06 06:00:09,708 - INFO - Removing deleted song from tags: ¿Habrá Un Mañana?
2025-05-06 06:00:09,719 - INFO - 
Songs in lyrics files but missing from song_tags.yml:
2025-05-06 06:00:09,719 - INFO - - Another Test 3
2025-05-06 06:00:09,719 - INFO - - Another Test 1
2025-05-06 06:00:09,719 - INFO - - Another Test 2
2025-05-06 06:00:09,719 - INFO - 
Directories skipped due to hyphenated names:
2025-05-06 06:00:09,719 - INFO - - Carpe Diem - seize the day
2025-05-06 06:00:09,719 - INFO - - Carpe Diem - seize the day
2025-05-06 06:00:09,719 - INFO - - Carpe Diem - seize the day
2025-05-06 06:00:09,719 - INFO - - Carpe Diem - Seize The Day
2025-05-06 06:00:09,719 - INFO - 
Successfully completed song tag generation
2025-05-06 06:17:16,975 - INFO - Removing deleted song from tags: A Son And A Father
2025-05-06 06:17:16,976 - INFO - Removing deleted song from tags: A Son And His Father
2025-05-06 06:17:16,976 - INFO - Removing deleted song from tags: Accompaniment
2025-05-06 06:17:16,976 - INFO - Removing deleted song from tags: Answer In The Wind
2025-05-06 06:17:16,976 - INFO - Removing deleted song from tags: Bailando En El Oasis
2025-05-06 06:17:16,976 - INFO - Removing deleted song from tags: Be The Brick
2025-05-06 06:17:16,976 - INFO - Removing deleted song from tags: Body Art Of The Heart
2025-05-06 06:17:16,976 - INFO - Removing deleted song from tags: Carpe Diem  Seize The Day
2025-05-06 06:17:16,976 - INFO - Removing deleted song from tags: Connections
2025-05-06 06:17:16,976 - INFO - Removing deleted song from tags: Count Ten To One
2025-05-06 06:17:16,976 - INFO - Removing deleted song from tags: El Vuelo Del Fénix
2025-05-06 06:17:16,976 - INFO - Removing deleted song from tags: Enternament En Gracia
2025-05-06 06:17:16,976 - INFO - Removing deleted song from tags: Escribió "Sí" En La Arena
2025-05-06 06:17:16,976 - INFO - Removing deleted song from tags: Eternamente En Deuda
2025-05-06 06:17:16,976 - INFO - Removing deleted song from tags: Faith And Change
2025-05-06 06:17:16,976 - INFO - Removing deleted song from tags: Faro Y Reflejo
2025-05-06 06:17:16,976 - INFO - Removing deleted song from tags: Footsteps In A Day
2025-05-06 06:17:16,976 - INFO - Removing deleted song from tags: Freedom Is Our Prayer
2025-05-06 06:17:16,976 - INFO - Removing deleted song from tags: Granja De Sueños
2025-05-06 06:17:16,976 - INFO - Removing deleted song from tags: He'S Bent Up, But He'S Back
2025-05-06 06:17:16,976 - INFO - Removing deleted song from tags: Hear The Silence From Within
2025-05-06 06:17:16,976 - INFO - Removing deleted song from tags: Hide The Evidence
2025-05-06 06:17:16,976 - INFO - Removing deleted song from tags: How To Save Love
2025-05-06 06:17:16,976 - INFO - Removing deleted song from tags: I Write The Songs
2025-05-06 06:17:16,976 - INFO - Removing deleted song from tags: I'M Trying
2025-05-06 06:17:16,976 - INFO - Removing deleted song from tags: Journey To Myself
2025-05-06 06:17:16,976 - INFO - Removing deleted song from tags: Labyrinths Min
2025-05-06 06:17:16,976 - INFO - Removing deleted song from tags: Labyrinths Mine
2025-05-06 06:17:16,976 - INFO - Removing deleted song from tags: Lend Me An Ear
2025-05-06 06:17:16,976 - INFO - Removing deleted song from tags: Let'S Write A Song
2025-05-06 06:17:16,976 - INFO - Removing deleted song from tags: Madre E Hija A La Vez
2025-05-06 06:17:16,976 - INFO - Removing deleted song from tags: Madre Y Esposa A La Vez
2025-05-06 06:17:16,976 - INFO - Removing deleted song from tags: Markings On The Road
2025-05-06 06:17:16,976 - INFO - Removing deleted song from tags: Only A Picture To Remember
2025-05-06 06:17:16,976 - INFO - Removing deleted song from tags: Open Your Heart
2025-05-06 06:17:16,976 - INFO - Removing deleted song from tags: Pockets
2025-05-06 06:17:16,976 - INFO - Removing deleted song from tags: Rewrite The Moment
2025-05-06 06:17:16,976 - INFO - Removing deleted song from tags: Si No Fueras Tu
2025-05-06 06:17:16,976 - INFO - Removing deleted song from tags: Sleepless In Dreamland
2025-05-06 06:17:16,976 - INFO - Removing deleted song from tags: Slow Dancing In Time
2025-05-06 06:17:16,976 - INFO - Removing deleted song from tags: Slow Dancing In Time 1
2025-05-06 06:17:16,976 - INFO - Removing deleted song from tags: Song On The Cloud
2025-05-06 06:17:16,976 - INFO - Removing deleted song from tags: Spitha
2025-05-06 06:17:16,976 - INFO - Removing deleted song from tags: That Make Hearts Soar
2025-05-06 06:17:16,976 - INFO - Removing deleted song from tags: The Answer In The Wind
2025-05-06 06:17:16,976 - INFO - Removing deleted song from tags: The Journey To Myself
2025-05-06 06:17:16,976 - INFO - Removing deleted song from tags: The Journey'S The Destination
2025-05-06 06:17:16,976 - INFO - Removing deleted song from tags: The Tone Of The Heart
2025-05-06 06:17:16,976 - INFO - Removing deleted song from tags: Un Foto Para Recordar
2025-05-06 06:17:16,976 - INFO - Removing deleted song from tags: Un Nuevo Amanecer
2025-05-06 06:17:16,976 - INFO - Removing deleted song from tags: Un Nuevo Amanezer
2025-05-06 06:17:16,976 - INFO - Removing deleted song from tags: Una Foto Para Recordar
2025-05-06 06:17:16,976 - INFO - Removing deleted song from tags: Under The Red Star
2025-05-06 06:17:16,976 - INFO - Removing deleted song from tags: Under The Red Star. V2
2025-05-06 06:17:16,976 - INFO - Removing deleted song from tags: We'Re Not Going Back
2025-05-06 06:17:16,976 - INFO - Removing deleted song from tags: Why Today
2025-05-06 06:17:16,976 - INFO - Removing deleted song from tags: Y Aura T Il Demain?
2025-05-06 06:17:16,976 - INFO - Removing deleted song from tags: You'Ll Always Be My Spark
2025-05-06 06:17:16,976 - INFO - Removing deleted song from tags: Youtubero Aventurero
2025-05-06 06:17:16,976 - INFO - Removing deleted song from tags: ¿Habrá Un Mañana?
2025-05-06 06:17:16,987 - INFO - 
Songs in lyrics files but missing from song_tags.yml:
2025-05-06 06:17:16,987 - INFO - - Mar y Tierra
2025-05-06 06:17:16,987 - INFO - 
Directories skipped due to hyphenated names:
2025-05-06 06:17:16,987 - INFO - - Carpe Diem - seize the day
2025-05-06 06:17:16,987 - INFO - - Carpe Diem - seize the day
2025-05-06 06:17:16,987 - INFO - - Carpe Diem - seize the day
2025-05-06 06:17:16,987 - INFO - - Carpe Diem - Seize The Day
2025-05-06 06:17:16,987 - INFO - 
Successfully completed song tag generation
2025-05-06 06:18:35,186 - INFO - Removing deleted song from tags: A Son And A Father
2025-05-06 06:18:35,186 - INFO - Removing deleted song from tags: A Son And His Father
2025-05-06 06:18:35,186 - INFO - Removing deleted song from tags: Accompaniment
2025-05-06 06:18:35,186 - INFO - Removing deleted song from tags: Answer In The Wind
2025-05-06 06:18:35,186 - INFO - Removing deleted song from tags: Bailando En El Oasis
2025-05-06 06:18:35,186 - INFO - Removing deleted song from tags: Be The Brick
2025-05-06 06:18:35,186 - INFO - Removing deleted song from tags: Body Art Of The Heart
2025-05-06 06:18:35,186 - INFO - Removing deleted song from tags: Carpe Diem  Seize The Day
2025-05-06 06:18:35,186 - INFO - Removing deleted song from tags: Connections
2025-05-06 06:18:35,186 - INFO - Removing deleted song from tags: Count Ten To One
2025-05-06 06:18:35,186 - INFO - Removing deleted song from tags: El Vuelo Del Fénix
2025-05-06 06:18:35,186 - INFO - Removing deleted song from tags: Enternament En Gracia
2025-05-06 06:18:35,186 - INFO - Removing deleted song from tags: Escribió "Sí" En La Arena
2025-05-06 06:18:35,186 - INFO - Removing deleted song from tags: Eternamente En Deuda
2025-05-06 06:18:35,186 - INFO - Removing deleted song from tags: Faith And Change
2025-05-06 06:18:35,186 - INFO - Removing deleted song from tags: Faro Y Reflejo
2025-05-06 06:18:35,186 - INFO - Removing deleted song from tags: Footsteps In A Day
2025-05-06 06:18:35,186 - INFO - Removing deleted song from tags: Freedom Is Our Prayer
2025-05-06 06:18:35,186 - INFO - Removing deleted song from tags: Granja De Sueños
2025-05-06 06:18:35,186 - INFO - Removing deleted song from tags: He'S Bent Up, But He'S Back
2025-05-06 06:18:35,186 - INFO - Removing deleted song from tags: Hear The Silence From Within
2025-05-06 06:18:35,186 - INFO - Removing deleted song from tags: Hide The Evidence
2025-05-06 06:18:35,186 - INFO - Removing deleted song from tags: How To Save Love
2025-05-06 06:18:35,186 - INFO - Removing deleted song from tags: I Write The Songs
2025-05-06 06:18:35,186 - INFO - Removing deleted song from tags: I'M Trying
2025-05-06 06:18:35,186 - INFO - Removing deleted song from tags: Journey To Myself
2025-05-06 06:18:35,186 - INFO - Removing deleted song from tags: Labyrinths Min
2025-05-06 06:18:35,186 - INFO - Removing deleted song from tags: Labyrinths Mine
2025-05-06 06:18:35,186 - INFO - Removing deleted song from tags: Lend Me An Ear
2025-05-06 06:18:35,186 - INFO - Removing deleted song from tags: Let'S Write A Song
2025-05-06 06:18:35,186 - INFO - Removing deleted song from tags: Madre E Hija A La Vez
2025-05-06 06:18:35,186 - INFO - Removing deleted song from tags: Madre Y Esposa A La Vez
2025-05-06 06:18:35,187 - INFO - Removing deleted song from tags: Markings On The Road
2025-05-06 06:18:35,187 - INFO - Removing deleted song from tags: Only A Picture To Remember
2025-05-06 06:18:35,187 - INFO - Removing deleted song from tags: Open Your Heart
2025-05-06 06:18:35,187 - INFO - Removing deleted song from tags: Pockets
2025-05-06 06:18:35,187 - INFO - Removing deleted song from tags: Rewrite The Moment
2025-05-06 06:18:35,187 - INFO - Removing deleted song from tags: Si No Fueras Tu
2025-05-06 06:18:35,187 - INFO - Removing deleted song from tags: Sleepless In Dreamland
2025-05-06 06:18:35,187 - INFO - Removing deleted song from tags: Slow Dancing In Time
2025-05-06 06:18:35,187 - INFO - Removing deleted song from tags: Slow Dancing In Time 1
2025-05-06 06:18:35,187 - INFO - Removing deleted song from tags: Song On The Cloud
2025-05-06 06:18:35,187 - INFO - Removing deleted song from tags: Spitha
2025-05-06 06:18:35,187 - INFO - Removing deleted song from tags: That Make Hearts Soar
2025-05-06 06:18:35,187 - INFO - Removing deleted song from tags: The Answer In The Wind
2025-05-06 06:18:35,187 - INFO - Removing deleted song from tags: The Journey To Myself
2025-05-06 06:18:35,187 - INFO - Removing deleted song from tags: The Journey'S The Destination
2025-05-06 06:18:35,187 - INFO - Removing deleted song from tags: The Tone Of The Heart
2025-05-06 06:18:35,187 - INFO - Removing deleted song from tags: Un Foto Para Recordar
2025-05-06 06:18:35,187 - INFO - Removing deleted song from tags: Un Nuevo Amanecer
2025-05-06 06:18:35,187 - INFO - Removing deleted song from tags: Un Nuevo Amanezer
2025-05-06 06:18:35,187 - INFO - Removing deleted song from tags: Una Foto Para Recordar
2025-05-06 06:18:35,187 - INFO - Removing deleted song from tags: Under The Red Star
2025-05-06 06:18:35,187 - INFO - Removing deleted song from tags: Under The Red Star. V2
2025-05-06 06:18:35,187 - INFO - Removing deleted song from tags: We'Re Not Going Back
2025-05-06 06:18:35,187 - INFO - Removing deleted song from tags: Why Today
2025-05-06 06:18:35,187 - INFO - Removing deleted song from tags: Y Aura T Il Demain?
2025-05-06 06:18:35,187 - INFO - Removing deleted song from tags: You'Ll Always Be My Spark
2025-05-06 06:18:35,187 - INFO - Removing deleted song from tags: Youtubero Aventurero
2025-05-06 06:18:35,187 - INFO - Removing deleted song from tags: ¿Habrá Un Mañana?
2025-05-06 06:18:35,196 - INFO - 
Songs in lyrics files but missing from song_tags.yml:
2025-05-06 06:18:35,196 - INFO - - Mar y Tierra
2025-05-06 06:18:35,197 - INFO - 
Directories skipped due to hyphenated names:
2025-05-06 06:18:35,197 - INFO - - Carpe Diem - seize the day
2025-05-06 06:18:35,197 - INFO - - Carpe Diem - seize the day
2025-05-06 06:18:35,197 - INFO - - Carpe Diem - seize the day
2025-05-06 06:18:35,197 - INFO - - Carpe Diem - Seize The Day
2025-05-06 06:18:35,197 - INFO - 
Successfully completed song tag generation
2025-05-06 06:19:03,813 - INFO - 
Songs in lyrics files but missing from song_tags.yml:
2025-05-06 06:19:03,813 - INFO - - Mar y Tierra
2025-05-06 06:19:03,813 - INFO - 
Directories skipped due to hyphenated names:
2025-05-06 06:19:03,813 - INFO - - Carpe Diem - seize the day
2025-05-06 06:19:03,813 - INFO - - Carpe Diem - seize the day
2025-05-06 06:19:03,813 - INFO - - Carpe Diem - seize the day
2025-05-06 06:19:03,813 - INFO - - Carpe Diem - Seize The Day
2025-05-06 06:19:03,813 - INFO - 
Successfully completed song tag generation
2025-05-06 06:19:43,224 - INFO - All songs in lyrics files are present in song_tags.yml
2025-05-06 06:19:43,224 - INFO - 
Directories skipped due to hyphenated names:
2025-05-06 06:19:43,224 - INFO - - Carpe Diem - seize the day
2025-05-06 06:19:43,224 - INFO - - Carpe Diem - seize the day
2025-05-06 06:19:43,224 - INFO - - Carpe Diem - seize the day
2025-05-06 06:19:43,224 - INFO - - Carpe Diem - Seize The Day
2025-05-06 06:19:43,224 - INFO - 
Successfully completed song tag generation
2025-05-06 08:36:08,988 - INFO - All songs in lyrics files are present in song_tags.yml
2025-05-06 08:36:08,989 - INFO - 
Directories skipped due to hyphenated names:
2025-05-06 08:36:08,989 - INFO - - Carpe Diem - seize the day
2025-05-06 08:36:08,989 - INFO - - Carpe Diem - seize the day
2025-05-06 08:36:08,989 - INFO - - Carpe Diem - seize the day
2025-05-06 08:36:08,989 - INFO - - Carpe Diem - Seize The Day
2025-05-06 08:36:08,989 - INFO - 
Successfully completed song tag generation
2025-05-06 08:36:09,083 - INFO - All songs in lyrics files are present in song_tags.yml
2025-05-06 08:36:09,084 - INFO - 
Directories skipped due to hyphenated names:
2025-05-06 08:36:09,084 - INFO - - Carpe Diem - seize the day
2025-05-06 08:36:09,084 - INFO - - Carpe Diem - seize the day
2025-05-06 08:36:09,084 - INFO - - Carpe Diem - seize the day
2025-05-06 08:36:09,084 - INFO - - Carpe Diem - Seize The Day
2025-05-06 08:36:09,084 - INFO - 
Successfully completed song tag generation
2025-05-06 08:36:12,217 - INFO - All songs in lyrics files are present in song_tags.yml
2025-05-06 08:36:12,218 - INFO - 
Directories skipped due to hyphenated names:
2025-05-06 08:36:12,218 - INFO - - Carpe Diem - seize the day
2025-05-06 08:36:12,218 - INFO - - Carpe Diem - seize the day
2025-05-06 08:36:12,218 - INFO - - Carpe Diem - seize the day
2025-05-06 08:36:12,218 - INFO - - Carpe Diem - Seize The Day
2025-05-06 08:36:12,218 - INFO - 
Successfully completed song tag generation
2025-05-06 08:36:14,726 - INFO - All songs in lyrics files are present in song_tags.yml
2025-05-06 08:36:14,726 - INFO - 
Directories skipped due to hyphenated names:
2025-05-06 08:36:14,726 - INFO - - Carpe Diem - seize the day
2025-05-06 08:36:14,726 - INFO - - Carpe Diem - seize the day
2025-05-06 08:36:14,726 - INFO - - Carpe Diem - seize the day
2025-05-06 08:36:14,726 - INFO - - Carpe Diem - Seize The Day
2025-05-06 08:36:14,726 - INFO - 
Successfully completed song tag generation
2025-05-06 08:36:16,957 - INFO - All songs in lyrics files are present in song_tags.yml
2025-05-06 08:36:16,958 - INFO - 
Directories skipped due to hyphenated names:
2025-05-06 08:36:16,958 - INFO - - Carpe Diem - seize the day
2025-05-06 08:36:16,958 - INFO - - Carpe Diem - seize the day
2025-05-06 08:36:16,958 - INFO - - Carpe Diem - seize the day
2025-05-06 08:36:16,958 - INFO - - Carpe Diem - Seize The Day
2025-05-06 08:36:16,958 - INFO - 
Successfully completed song tag generation
2025-05-06 08:36:20,326 - INFO - All songs in lyrics files are present in song_tags.yml
2025-05-06 08:36:20,326 - INFO - 
Directories skipped due to hyphenated names:
2025-05-06 08:36:20,326 - INFO - - Carpe Diem - seize the day
2025-05-06 08:36:20,326 - INFO - - Carpe Diem - seize the day
2025-05-06 08:36:20,326 - INFO - - Carpe Diem - seize the day
2025-05-06 08:36:20,326 - INFO - - Carpe Diem - Seize The Day
2025-05-06 08:36:20,326 - INFO - 
Successfully completed song tag generation
2025-05-06 08:36:23,990 - INFO - All songs in lyrics files are present in song_tags.yml
2025-05-06 08:36:23,990 - INFO - 
Directories skipped due to hyphenated names:
2025-05-06 08:36:23,990 - INFO - - Carpe Diem - seize the day
2025-05-06 08:36:23,990 - INFO - - Carpe Diem - seize the day
2025-05-06 08:36:23,990 - INFO - - Carpe Diem - seize the day
2025-05-06 08:36:23,990 - INFO - - Carpe Diem - Seize The Day
2025-05-06 08:36:23,990 - INFO - 
Successfully completed song tag generation
2025-05-06 08:36:27,601 - INFO - All songs in lyrics files are present in song_tags.yml
2025-05-06 08:36:27,601 - INFO - 
Directories skipped due to hyphenated names:
2025-05-06 08:36:27,601 - INFO - - Carpe Diem - seize the day
2025-05-06 08:36:27,601 - INFO - - Carpe Diem - seize the day
2025-05-06 08:36:27,601 - INFO - - Carpe Diem - seize the day
2025-05-06 08:36:27,601 - INFO - - Carpe Diem - Seize The Day
2025-05-06 08:36:27,601 - INFO - 
Successfully completed song tag generation
2025-05-06 08:36:30,775 - INFO - All songs in lyrics files are present in song_tags.yml
2025-05-06 08:36:30,775 - INFO - 
Directories skipped due to hyphenated names:
2025-05-06 08:36:30,775 - INFO - - Carpe Diem - seize the day
2025-05-06 08:36:30,775 - INFO - - Carpe Diem - seize the day
2025-05-06 08:36:30,775 - INFO - - Carpe Diem - seize the day
2025-05-06 08:36:30,775 - INFO - - Carpe Diem - Seize The Day
2025-05-06 08:36:30,775 - INFO - 
Successfully completed song tag generation
2025-05-06 08:36:34,770 - INFO - All songs in lyrics files are present in song_tags.yml
2025-05-06 08:36:34,770 - INFO - 
Directories skipped due to hyphenated names:
2025-05-06 08:36:34,770 - INFO - - Carpe Diem - seize the day
2025-05-06 08:36:34,770 - INFO - - Carpe Diem - seize the day
2025-05-06 08:36:34,770 - INFO - - Carpe Diem - seize the day
2025-05-06 08:36:34,770 - INFO - - Carpe Diem - Seize The Day
2025-05-06 08:36:34,770 - INFO - 
Successfully completed song tag generation
2025-05-06 08:36:37,997 - INFO - All songs in lyrics files are present in song_tags.yml
2025-05-06 08:36:37,997 - INFO - 
Directories skipped due to hyphenated names:
2025-05-06 08:36:37,997 - INFO - - Carpe Diem - seize the day
2025-05-06 08:36:37,997 - INFO - - Carpe Diem - seize the day
2025-05-06 08:36:37,997 - INFO - - Carpe Diem - seize the day
2025-05-06 08:36:37,997 - INFO - - Carpe Diem - Seize The Day
2025-05-06 08:36:37,997 - INFO - 
Successfully completed song tag generation
2025-05-06 08:36:41,335 - INFO - All songs in lyrics files are present in song_tags.yml
2025-05-06 08:36:41,336 - INFO - 
Directories skipped due to hyphenated names:
2025-05-06 08:36:41,336 - INFO - - Carpe Diem - seize the day
2025-05-06 08:36:41,336 - INFO - - Carpe Diem - seize the day
2025-05-06 08:36:41,336 - INFO - - Carpe Diem - seize the day
2025-05-06 08:36:41,336 - INFO - - Carpe Diem - Seize The Day
2025-05-06 08:36:41,336 - INFO - 
Successfully completed song tag generation
2025-05-06 08:36:45,775 - INFO - All songs in lyrics files are present in song_tags.yml
2025-05-06 08:36:45,775 - INFO - 
Directories skipped due to hyphenated names:
2025-05-06 08:36:45,775 - INFO - - Carpe Diem - seize the day
2025-05-06 08:36:45,775 - INFO - - Carpe Diem - seize the day
2025-05-06 08:36:45,775 - INFO - - Carpe Diem - seize the day
2025-05-06 08:36:45,775 - INFO - - Carpe Diem - Seize The Day
2025-05-06 08:36:45,775 - INFO - 
Successfully completed song tag generation
2025-05-06 08:36:49,637 - INFO - All songs in lyrics files are present in song_tags.yml
2025-05-06 08:36:49,637 - INFO - 
Directories skipped due to hyphenated names:
2025-05-06 08:36:49,637 - INFO - - Carpe Diem - seize the day
2025-05-06 08:36:49,637 - INFO - - Carpe Diem - seize the day
2025-05-06 08:36:49,637 - INFO - - Carpe Diem - seize the day
2025-05-06 08:36:49,637 - INFO - - Carpe Diem - Seize The Day
2025-05-06 08:36:49,637 - INFO - 
Successfully completed song tag generation
2025-05-06 08:36:52,572 - INFO - All songs in lyrics files are present in song_tags.yml
2025-05-06 08:36:52,572 - INFO - 
Directories skipped due to hyphenated names:
2025-05-06 08:36:52,572 - INFO - - Carpe Diem - seize the day
2025-05-06 08:36:52,572 - INFO - - Carpe Diem - seize the day
2025-05-06 08:36:52,572 - INFO - - Carpe Diem - seize the day
2025-05-06 08:36:52,572 - INFO - - Carpe Diem - Seize The Day
2025-05-06 08:36:52,572 - INFO - 
Successfully completed song tag generation
2025-05-06 08:36:55,832 - INFO - All songs in lyrics files are present in song_tags.yml
2025-05-06 08:36:55,832 - INFO - 
Directories skipped due to hyphenated names:
2025-05-06 08:36:55,832 - INFO - - Carpe Diem - seize the day
2025-05-06 08:36:55,832 - INFO - - Carpe Diem - seize the day
2025-05-06 08:36:55,832 - INFO - - Carpe Diem - seize the day
2025-05-06 08:36:55,832 - INFO - - Carpe Diem - Seize The Day
2025-05-06 08:36:55,832 - INFO - 
Successfully completed song tag generation
2025-05-06 08:36:58,176 - INFO - All songs in lyrics files are present in song_tags.yml
2025-05-06 08:36:58,177 - INFO - 
Directories skipped due to hyphenated names:
2025-05-06 08:36:58,177 - INFO - - Carpe Diem - seize the day
2025-05-06 08:36:58,177 - INFO - - Carpe Diem - seize the day
2025-05-06 08:36:58,177 - INFO - - Carpe Diem - seize the day
2025-05-06 08:36:58,177 - INFO - - Carpe Diem - Seize The Day
2025-05-06 08:36:58,177 - INFO - 
Successfully completed song tag generation
2025-05-06 08:37:01,455 - INFO - All songs in lyrics files are present in song_tags.yml
2025-05-06 08:37:01,456 - INFO - 
Directories skipped due to hyphenated names:
2025-05-06 08:37:01,456 - INFO - - Carpe Diem - seize the day
2025-05-06 08:37:01,456 - INFO - - Carpe Diem - seize the day
2025-05-06 08:37:01,456 - INFO - - Carpe Diem - seize the day
2025-05-06 08:37:01,456 - INFO - - Carpe Diem - Seize The Day
2025-05-06 08:37:01,456 - INFO - 
Successfully completed song tag generation
2025-05-06 08:37:04,585 - INFO - All songs in lyrics files are present in song_tags.yml
2025-05-06 08:37:04,586 - INFO - 
Directories skipped due to hyphenated names:
2025-05-06 08:37:04,586 - INFO - - Carpe Diem - seize the day
2025-05-06 08:37:04,586 - INFO - - Carpe Diem - seize the day
2025-05-06 08:37:04,586 - INFO - - Carpe Diem - seize the day
2025-05-06 08:37:04,586 - INFO - - Carpe Diem - Seize The Day
2025-05-06 08:37:04,586 - INFO - 
Successfully completed song tag generation
2025-05-06 08:37:07,808 - INFO - All songs in lyrics files are present in song_tags.yml
2025-05-06 08:37:07,808 - INFO - 
Directories skipped due to hyphenated names:
2025-05-06 08:37:07,808 - INFO - - Carpe Diem - seize the day
2025-05-06 08:37:07,808 - INFO - - Carpe Diem - seize the day
2025-05-06 08:37:07,808 - INFO - - Carpe Diem - seize the day
2025-05-06 08:37:07,808 - INFO - - Carpe Diem - Seize The Day
2025-05-06 08:37:07,808 - INFO - 
Successfully completed song tag generation
2025-05-06 08:37:11,296 - INFO - All songs in lyrics files are present in song_tags.yml
2025-05-06 08:37:11,297 - INFO - 
Directories skipped due to hyphenated names:
2025-05-06 08:37:11,297 - INFO - - Carpe Diem - seize the day
2025-05-06 08:37:11,297 - INFO - - Carpe Diem - seize the day
2025-05-06 08:37:11,297 - INFO - - Carpe Diem - seize the day
2025-05-06 08:37:11,297 - INFO - - Carpe Diem - Seize The Day
2025-05-06 08:37:11,297 - INFO - 
Successfully completed song tag generation
2025-05-06 08:37:14,969 - INFO - All songs in lyrics files are present in song_tags.yml
2025-05-06 08:37:14,970 - INFO - 
Directories skipped due to hyphenated names:
2025-05-06 08:37:14,970 - INFO - - Carpe Diem - seize the day
2025-05-06 08:37:14,970 - INFO - - Carpe Diem - seize the day
2025-05-06 08:37:14,970 - INFO - - Carpe Diem - seize the day
2025-05-06 08:37:14,970 - INFO - - Carpe Diem - Seize The Day
2025-05-06 08:37:14,970 - INFO - 
Successfully completed song tag generation
2025-05-06 08:37:17,735 - INFO - All songs in lyrics files are present in song_tags.yml
2025-05-06 08:37:17,735 - INFO - 
Directories skipped due to hyphenated names:
2025-05-06 08:37:17,735 - INFO - - Carpe Diem - seize the day
2025-05-06 08:37:17,735 - INFO - - Carpe Diem - seize the day
2025-05-06 08:37:17,735 - INFO - - Carpe Diem - seize the day
2025-05-06 08:37:17,735 - INFO - - Carpe Diem - Seize The Day
2025-05-06 08:37:17,735 - INFO - 
Successfully completed song tag generation
2025-05-06 08:37:20,940 - INFO - All songs in lyrics files are present in song_tags.yml
2025-05-06 08:37:20,940 - INFO - 
Directories skipped due to hyphenated names:
2025-05-06 08:37:20,940 - INFO - - Carpe Diem - seize the day
2025-05-06 08:37:20,940 - INFO - - Carpe Diem - seize the day
2025-05-06 08:37:20,940 - INFO - - Carpe Diem - seize the day
2025-05-06 08:37:20,940 - INFO - - Carpe Diem - Seize The Day
2025-05-06 08:37:20,940 - INFO - 
Successfully completed song tag generation
2025-05-06 08:37:24,211 - INFO - All songs in lyrics files are present in song_tags.yml
2025-05-06 08:37:24,211 - INFO - 
Directories skipped due to hyphenated names:
2025-05-06 08:37:24,211 - INFO - - Carpe Diem - seize the day
2025-05-06 08:37:24,211 - INFO - - Carpe Diem - seize the day
2025-05-06 08:37:24,211 - INFO - - Carpe Diem - seize the day
2025-05-06 08:37:24,211 - INFO - - Carpe Diem - Seize The Day
2025-05-06 08:37:24,211 - INFO - 
Successfully completed song tag generation
2025-05-06 08:37:27,062 - INFO - All songs in lyrics files are present in song_tags.yml
2025-05-06 08:37:27,063 - INFO - 
Directories skipped due to hyphenated names:
2025-05-06 08:37:27,063 - INFO - - Carpe Diem - seize the day
2025-05-06 08:37:27,063 - INFO - - Carpe Diem - seize the day
2025-05-06 08:37:27,063 - INFO - - Carpe Diem - seize the day
2025-05-06 08:37:27,063 - INFO - - Carpe Diem - Seize The Day
2025-05-06 08:37:27,063 - INFO - 
Successfully completed song tag generation
2025-05-06 08:37:31,222 - INFO - All songs in lyrics files are present in song_tags.yml
2025-05-06 08:37:31,222 - INFO - 
Directories skipped due to hyphenated names:
2025-05-06 08:37:31,222 - INFO - - Carpe Diem - seize the day
2025-05-06 08:37:31,222 - INFO - - Carpe Diem - seize the day
2025-05-06 08:37:31,222 - INFO - - Carpe Diem - seize the day
2025-05-06 08:37:31,222 - INFO - - Carpe Diem - Seize The Day
2025-05-06 08:37:31,222 - INFO - 
Successfully completed song tag generation
2025-05-06 08:37:34,443 - INFO - All songs in lyrics files are present in song_tags.yml
2025-05-06 08:37:34,443 - INFO - 
Directories skipped due to hyphenated names:
2025-05-06 08:37:34,443 - INFO - - Carpe Diem - seize the day
2025-05-06 08:37:34,443 - INFO - - Carpe Diem - seize the day
2025-05-06 08:37:34,443 - INFO - - Carpe Diem - seize the day
2025-05-06 08:37:34,443 - INFO - - Carpe Diem - Seize The Day
2025-05-06 08:37:34,443 - INFO - 
Successfully completed song tag generation
2025-05-06 08:37:34,540 - INFO - All songs in lyrics files are present in song_tags.yml
2025-05-06 08:37:34,540 - INFO - 
Directories skipped due to hyphenated names:
2025-05-06 08:37:34,540 - INFO - - Carpe Diem - seize the day
2025-05-06 08:37:34,540 - INFO - - Carpe Diem - seize the day
2025-05-06 08:37:34,540 - INFO - - Carpe Diem - seize the day
2025-05-06 08:37:34,540 - INFO - - Carpe Diem - Seize The Day
2025-05-06 08:37:34,540 - INFO - 
Successfully completed song tag generation
2025-05-06 08:37:37,284 - INFO - All songs in lyrics files are present in song_tags.yml
2025-05-06 08:37:37,284 - INFO - 
Directories skipped due to hyphenated names:
2025-05-06 08:37:37,284 - INFO - - Carpe Diem - seize the day
2025-05-06 08:37:37,284 - INFO - - Carpe Diem - seize the day
2025-05-06 08:37:37,284 - INFO - - Carpe Diem - seize the day
2025-05-06 08:37:37,284 - INFO - - Carpe Diem - Seize The Day
2025-05-06 08:37:37,284 - INFO - 
Successfully completed song tag generation
2025-05-06 08:37:40,281 - INFO - All songs in lyrics files are present in song_tags.yml
2025-05-06 08:37:40,281 - INFO - 
Directories skipped due to hyphenated names:
2025-05-06 08:37:40,282 - INFO - - Carpe Diem - seize the day
2025-05-06 08:37:40,282 - INFO - - Carpe Diem - seize the day
2025-05-06 08:37:40,282 - INFO - - Carpe Diem - seize the day
2025-05-06 08:37:40,282 - INFO - - Carpe Diem - Seize The Day
2025-05-06 08:37:40,282 - INFO - 
Successfully completed song tag generation
2025-05-06 08:37:43,664 - INFO - All songs in lyrics files are present in song_tags.yml
2025-05-06 08:37:43,665 - INFO - 
Directories skipped due to hyphenated names:
2025-05-06 08:37:43,665 - INFO - - Carpe Diem - seize the day
2025-05-06 08:37:43,665 - INFO - - Carpe Diem - seize the day
2025-05-06 08:37:43,665 - INFO - - Carpe Diem - seize the day
2025-05-06 08:37:43,665 - INFO - - Carpe Diem - Seize The Day
2025-05-06 08:37:43,665 - INFO - 
Successfully completed song tag generation
2025-05-06 08:37:46,182 - INFO - All songs in lyrics files are present in song_tags.yml
2025-05-06 08:37:46,182 - INFO - 
Directories skipped due to hyphenated names:
2025-05-06 08:37:46,182 - INFO - - Carpe Diem - seize the day
2025-05-06 08:37:46,182 - INFO - - Carpe Diem - seize the day
2025-05-06 08:37:46,182 - INFO - - Carpe Diem - seize the day
2025-05-06 08:37:46,182 - INFO - - Carpe Diem - Seize The Day
2025-05-06 08:37:46,182 - INFO - 
Successfully completed song tag generation
2025-05-06 08:37:49,420 - INFO - All songs in lyrics files are present in song_tags.yml
2025-05-06 08:37:49,421 - INFO - 
Directories skipped due to hyphenated names:
2025-05-06 08:37:49,421 - INFO - - Carpe Diem - seize the day
2025-05-06 08:37:49,421 - INFO - - Carpe Diem - seize the day
2025-05-06 08:37:49,421 - INFO - - Carpe Diem - seize the day
2025-05-06 08:37:49,421 - INFO - - Carpe Diem - Seize The Day
2025-05-06 08:37:49,421 - INFO - 
Successfully completed song tag generation
2025-05-06 08:37:52,304 - INFO - All songs in lyrics files are present in song_tags.yml
2025-05-06 08:37:52,305 - INFO - 
Directories skipped due to hyphenated names:
2025-05-06 08:37:52,305 - INFO - - Carpe Diem - seize the day
2025-05-06 08:37:52,305 - INFO - - Carpe Diem - seize the day
2025-05-06 08:37:52,305 - INFO - - Carpe Diem - seize the day
2025-05-06 08:37:52,305 - INFO - - Carpe Diem - Seize The Day
2025-05-06 08:37:52,305 - INFO - 
Successfully completed song tag generation
2025-05-06 08:37:54,870 - INFO - All songs in lyrics files are present in song_tags.yml
2025-05-06 08:37:54,870 - INFO - 
Directories skipped due to hyphenated names:
2025-05-06 08:37:54,870 - INFO - - Carpe Diem - seize the day
2025-05-06 08:37:54,870 - INFO - - Carpe Diem - seize the day
2025-05-06 08:37:54,870 - INFO - - Carpe Diem - seize the day
2025-05-06 08:37:54,870 - INFO - - Carpe Diem - Seize The Day
2025-05-06 08:37:54,870 - INFO - 
Successfully completed song tag generation
2025-05-06 08:37:57,973 - INFO - All songs in lyrics files are present in song_tags.yml
2025-05-06 08:37:57,973 - INFO - 
Directories skipped due to hyphenated names:
2025-05-06 08:37:57,973 - INFO - - Carpe Diem - seize the day
2025-05-06 08:37:57,973 - INFO - - Carpe Diem - seize the day
2025-05-06 08:37:57,973 - INFO - - Carpe Diem - seize the day
2025-05-06 08:37:57,973 - INFO - - Carpe Diem - Seize The Day
2025-05-06 08:37:57,973 - INFO - 
Successfully completed song tag generation
2025-05-06 08:37:58,072 - INFO - All songs in lyrics files are present in song_tags.yml
2025-05-06 08:37:58,072 - INFO - 
Directories skipped due to hyphenated names:
2025-05-06 08:37:58,072 - INFO - - Carpe Diem - seize the day
2025-05-06 08:37:58,072 - INFO - - Carpe Diem - seize the day
2025-05-06 08:37:58,072 - INFO - - Carpe Diem - seize the day
2025-05-06 08:37:58,072 - INFO - - Carpe Diem - Seize The Day
2025-05-06 08:37:58,072 - INFO - 
Successfully completed song tag generation
2025-05-06 08:38:01,724 - INFO - All songs in lyrics files are present in song_tags.yml
2025-05-06 08:38:01,724 - INFO - 
Directories skipped due to hyphenated names:
2025-05-06 08:38:01,724 - INFO - - Carpe Diem - seize the day
2025-05-06 08:38:01,724 - INFO - - Carpe Diem - seize the day
2025-05-06 08:38:01,724 - INFO - - Carpe Diem - seize the day
2025-05-06 08:38:01,724 - INFO - - Carpe Diem - Seize The Day
2025-05-06 08:38:01,724 - INFO - 
Successfully completed song tag generation
2025-05-06 08:38:05,434 - INFO - All songs in lyrics files are present in song_tags.yml
2025-05-06 08:38:05,434 - INFO - 
Directories skipped due to hyphenated names:
2025-05-06 08:38:05,434 - INFO - - Carpe Diem - seize the day
2025-05-06 08:38:05,434 - INFO - - Carpe Diem - seize the day
2025-05-06 08:38:05,434 - INFO - - Carpe Diem - seize the day
2025-05-06 08:38:05,434 - INFO - - Carpe Diem - Seize The Day
2025-05-06 08:38:05,434 - INFO - 
Successfully completed song tag generation
2025-05-06 08:38:09,128 - INFO - All songs in lyrics files are present in song_tags.yml
2025-05-06 08:38:09,128 - INFO - 
Directories skipped due to hyphenated names:
2025-05-06 08:38:09,128 - INFO - - Carpe Diem - seize the day
2025-05-06 08:38:09,128 - INFO - - Carpe Diem - seize the day
2025-05-06 08:38:09,128 - INFO - - Carpe Diem - seize the day
2025-05-06 08:38:09,128 - INFO - - Carpe Diem - Seize The Day
2025-05-06 08:38:09,128 - INFO - 
Successfully completed song tag generation
2025-05-06 08:38:13,076 - INFO - All songs in lyrics files are present in song_tags.yml
2025-05-06 08:38:13,076 - INFO - 
Directories skipped due to hyphenated names:
2025-05-06 08:38:13,076 - INFO - - Carpe Diem - seize the day
2025-05-06 08:38:13,076 - INFO - - Carpe Diem - seize the day
2025-05-06 08:38:13,076 - INFO - - Carpe Diem - seize the day
2025-05-06 08:38:13,076 - INFO - - Carpe Diem - Seize The Day
2025-05-06 08:38:13,076 - INFO - 
Successfully completed song tag generation
2025-05-06 08:38:16,510 - INFO - All songs in lyrics files are present in song_tags.yml
2025-05-06 08:38:16,510 - INFO - 
Directories skipped due to hyphenated names:
2025-05-06 08:38:16,510 - INFO - - Carpe Diem - seize the day
2025-05-06 08:38:16,510 - INFO - - Carpe Diem - seize the day
2025-05-06 08:38:16,510 - INFO - - Carpe Diem - seize the day
2025-05-06 08:38:16,510 - INFO - - Carpe Diem - Seize The Day
2025-05-06 08:38:16,510 - INFO - 
Successfully completed song tag generation
2025-05-06 08:38:20,218 - INFO - All songs in lyrics files are present in song_tags.yml
2025-05-06 08:38:20,218 - INFO - 
Directories skipped due to hyphenated names:
2025-05-06 08:38:20,218 - INFO - - Carpe Diem - seize the day
2025-05-06 08:38:20,218 - INFO - - Carpe Diem - seize the day
2025-05-06 08:38:20,218 - INFO - - Carpe Diem - seize the day
2025-05-06 08:38:20,218 - INFO - - Carpe Diem - Seize The Day
2025-05-06 08:38:20,219 - INFO - 
Successfully completed song tag generation
2025-05-06 08:38:23,048 - INFO - All songs in lyrics files are present in song_tags.yml
2025-05-06 08:38:23,049 - INFO - 
Directories skipped due to hyphenated names:
2025-05-06 08:38:23,049 - INFO - - Carpe Diem - seize the day
2025-05-06 08:38:23,049 - INFO - - Carpe Diem - seize the day
2025-05-06 08:38:23,049 - INFO - - Carpe Diem - seize the day
2025-05-06 08:38:23,049 - INFO - - Carpe Diem - Seize The Day
2025-05-06 08:38:23,049 - INFO - 
Successfully completed song tag generation
2025-05-06 08:38:30,548 - INFO - All songs in lyrics files are present in song_tags.yml
2025-05-06 08:38:30,548 - INFO - 
Directories skipped due to hyphenated names:
2025-05-06 08:38:30,549 - INFO - - Carpe Diem - seize the day
2025-05-06 08:38:30,549 - INFO - - Carpe Diem - seize the day
2025-05-06 08:38:30,549 - INFO - - Carpe Diem - seize the day
2025-05-06 08:38:30,549 - INFO - - Carpe Diem - Seize The Day
2025-05-06 08:38:30,549 - INFO - 
Successfully completed song tag generation
2025-05-06 08:38:34,094 - INFO - All songs in lyrics files are present in song_tags.yml
2025-05-06 08:38:34,094 - INFO - 
Directories skipped due to hyphenated names:
2025-05-06 08:38:34,094 - INFO - - Carpe Diem - seize the day
2025-05-06 08:38:34,094 - INFO - - Carpe Diem - seize the day
2025-05-06 08:38:34,094 - INFO - - Carpe Diem - seize the day
2025-05-06 08:38:34,094 - INFO - - Carpe Diem - Seize The Day
2025-05-06 08:38:34,094 - INFO - 
Successfully completed song tag generation
2025-05-06 08:38:37,977 - INFO - All songs in lyrics files are present in song_tags.yml
2025-05-06 08:38:37,977 - INFO - 
Directories skipped due to hyphenated names:
2025-05-06 08:38:37,977 - INFO - - Carpe Diem - seize the day
2025-05-06 08:38:37,977 - INFO - - Carpe Diem - seize the day
2025-05-06 08:38:37,977 - INFO - - Carpe Diem - seize the day
2025-05-06 08:38:37,977 - INFO - - Carpe Diem - Seize The Day
2025-05-06 08:38:37,977 - INFO - 
Successfully completed song tag generation
2025-05-06 08:38:41,870 - INFO - All songs in lyrics files are present in song_tags.yml
2025-05-06 08:38:41,871 - INFO - 
Directories skipped due to hyphenated names:
2025-05-06 08:38:41,871 - INFO - - Carpe Diem - seize the day
2025-05-06 08:38:41,871 - INFO - - Carpe Diem - seize the day
2025-05-06 08:38:41,871 - INFO - - Carpe Diem - seize the day
2025-05-06 08:38:41,871 - INFO - - Carpe Diem - Seize The Day
2025-05-06 08:38:41,871 - INFO - 
Successfully completed song tag generation
2025-05-06 08:38:45,440 - INFO - All songs in lyrics files are present in song_tags.yml
2025-05-06 08:38:45,440 - INFO - 
Directories skipped due to hyphenated names:
2025-05-06 08:38:45,440 - INFO - - Carpe Diem - seize the day
2025-05-06 08:38:45,440 - INFO - - Carpe Diem - seize the day
2025-05-06 08:38:45,440 - INFO - - Carpe Diem - seize the day
2025-05-06 08:38:45,440 - INFO - - Carpe Diem - Seize The Day
2025-05-06 08:38:45,440 - INFO - 
Successfully completed song tag generation
2025-05-06 08:38:48,715 - INFO - All songs in lyrics files are present in song_tags.yml
2025-05-06 08:38:48,715 - INFO - 
Directories skipped due to hyphenated names:
2025-05-06 08:38:48,715 - INFO - - Carpe Diem - seize the day
2025-05-06 08:38:48,715 - INFO - - Carpe Diem - seize the day
2025-05-06 08:38:48,715 - INFO - - Carpe Diem - seize the day
2025-05-06 08:38:48,715 - INFO - - Carpe Diem - Seize The Day
2025-05-06 08:38:48,715 - INFO - 
Successfully completed song tag generation
2025-05-06 08:38:51,664 - INFO - All songs in lyrics files are present in song_tags.yml
2025-05-06 08:38:51,664 - INFO - 
Directories skipped due to hyphenated names:
2025-05-06 08:38:51,664 - INFO - - Carpe Diem - seize the day
2025-05-06 08:38:51,664 - INFO - - Carpe Diem - seize the day
2025-05-06 08:38:51,664 - INFO - - Carpe Diem - seize the day
2025-05-06 08:38:51,664 - INFO - - Carpe Diem - Seize The Day
2025-05-06 08:38:51,664 - INFO - 
Successfully completed song tag generation
2025-05-06 08:38:55,262 - INFO - All songs in lyrics files are present in song_tags.yml
2025-05-06 08:38:55,262 - INFO - 
Directories skipped due to hyphenated names:
2025-05-06 08:38:55,262 - INFO - - Carpe Diem - seize the day
2025-05-06 08:38:55,262 - INFO - - Carpe Diem - seize the day
2025-05-06 08:38:55,262 - INFO - - Carpe Diem - seize the day
2025-05-06 08:38:55,262 - INFO - - Carpe Diem - Seize The Day
2025-05-06 08:38:55,262 - INFO - 
Successfully completed song tag generation
2025-05-06 08:38:59,245 - INFO - All songs in lyrics files are present in song_tags.yml
2025-05-06 08:38:59,246 - INFO - 
Directories skipped due to hyphenated names:
2025-05-06 08:38:59,246 - INFO - - Carpe Diem - seize the day
2025-05-06 08:38:59,246 - INFO - - Carpe Diem - seize the day
2025-05-06 08:38:59,246 - INFO - - Carpe Diem - seize the day
2025-05-06 08:38:59,246 - INFO - - Carpe Diem - Seize The Day
2025-05-06 08:38:59,246 - INFO - 
Successfully completed song tag generation
2025-05-06 08:39:02,877 - INFO - All songs in lyrics files are present in song_tags.yml
2025-05-06 08:39:02,877 - INFO - 
Directories skipped due to hyphenated names:
2025-05-06 08:39:02,877 - INFO - - Carpe Diem - seize the day
2025-05-06 08:39:02,877 - INFO - - Carpe Diem - seize the day
2025-05-06 08:39:02,877 - INFO - - Carpe Diem - seize the day
2025-05-06 08:39:02,877 - INFO - - Carpe Diem - Seize The Day
2025-05-06 08:39:02,877 - INFO - 
Successfully completed song tag generation
2025-05-06 08:39:02,973 - INFO - All songs in lyrics files are present in song_tags.yml
2025-05-06 08:39:02,974 - INFO - 
Directories skipped due to hyphenated names:
2025-05-06 08:39:02,974 - INFO - - Carpe Diem - seize the day
2025-05-06 08:39:02,974 - INFO - - Carpe Diem - seize the day
2025-05-06 08:39:02,974 - INFO - - Carpe Diem - seize the day
2025-05-06 08:39:02,974 - INFO - - Carpe Diem - Seize The Day
2025-05-06 08:39:02,974 - INFO - 
Successfully completed song tag generation
2025-05-06 08:39:07,605 - INFO - All songs in lyrics files are present in song_tags.yml
2025-05-06 08:39:07,605 - INFO - 
Directories skipped due to hyphenated names:
2025-05-06 08:39:07,605 - INFO - - Carpe Diem - seize the day
2025-05-06 08:39:07,605 - INFO - - Carpe Diem - seize the day
2025-05-06 08:39:07,605 - INFO - - Carpe Diem - seize the day
2025-05-06 08:39:07,605 - INFO - - Carpe Diem - Seize The Day
2025-05-06 08:39:07,605 - INFO - 
Successfully completed song tag generation
2025-05-06 08:39:12,497 - INFO - All songs in lyrics files are present in song_tags.yml
2025-05-06 08:39:12,497 - INFO - 
Directories skipped due to hyphenated names:
2025-05-06 08:39:12,497 - INFO - - Carpe Diem - seize the day
2025-05-06 08:39:12,497 - INFO - - Carpe Diem - seize the day
2025-05-06 08:39:12,497 - INFO - - Carpe Diem - seize the day
2025-05-06 08:39:12,497 - INFO - - Carpe Diem - Seize The Day
2025-05-06 08:39:12,497 - INFO - 
Successfully completed song tag generation
2025-05-06 08:39:16,405 - INFO - All songs in lyrics files are present in song_tags.yml
2025-05-06 08:39:16,405 - INFO - 
Directories skipped due to hyphenated names:
2025-05-06 08:39:16,405 - INFO - - Carpe Diem - seize the day
2025-05-06 08:39:16,405 - INFO - - Carpe Diem - seize the day
2025-05-06 08:39:16,405 - INFO - - Carpe Diem - seize the day
2025-05-06 08:39:16,405 - INFO - - Carpe Diem - Seize The Day
2025-05-06 08:39:16,405 - INFO - 
Successfully completed song tag generation
2025-05-06 08:39:20,840 - INFO - All songs in lyrics files are present in song_tags.yml
2025-05-06 08:39:20,841 - INFO - 
Directories skipped due to hyphenated names:
2025-05-06 08:39:20,841 - INFO - - Carpe Diem - seize the day
2025-05-06 08:39:20,841 - INFO - - Carpe Diem - seize the day
2025-05-06 08:39:20,841 - INFO - - Carpe Diem - seize the day
2025-05-06 08:39:20,841 - INFO - - Carpe Diem - Seize The Day
2025-05-06 08:39:20,841 - INFO - 
Successfully completed song tag generation
2025-05-06 08:39:25,249 - INFO - All songs in lyrics files are present in song_tags.yml
2025-05-06 08:39:25,250 - INFO - 
Directories skipped due to hyphenated names:
2025-05-06 08:39:25,250 - INFO - - Carpe Diem - seize the day
2025-05-06 08:39:25,250 - INFO - - Carpe Diem - seize the day
2025-05-06 08:39:25,250 - INFO - - Carpe Diem - seize the day
2025-05-06 08:39:25,250 - INFO - - Carpe Diem - Seize The Day
2025-05-06 08:39:25,250 - INFO - 
Successfully completed song tag generation
2025-05-06 08:39:29,643 - INFO - All songs in lyrics files are present in song_tags.yml
2025-05-06 08:39:29,643 - INFO - 
Directories skipped due to hyphenated names:
2025-05-06 08:39:29,643 - INFO - - Carpe Diem - seize the day
2025-05-06 08:39:29,643 - INFO - - Carpe Diem - seize the day
2025-05-06 08:39:29,643 - INFO - - Carpe Diem - seize the day
2025-05-06 08:39:29,643 - INFO - - Carpe Diem - Seize The Day
2025-05-06 08:39:29,643 - INFO - 
Successfully completed song tag generation
2025-05-06 08:39:33,993 - INFO - All songs in lyrics files are present in song_tags.yml
2025-05-06 08:39:33,994 - INFO - 
Directories skipped due to hyphenated names:
2025-05-06 08:39:33,994 - INFO - - Carpe Diem - seize the day
2025-05-06 08:39:33,994 - INFO - - Carpe Diem - seize the day
2025-05-06 08:39:33,994 - INFO - - Carpe Diem - seize the day
2025-05-06 08:39:33,994 - INFO - - Carpe Diem - Seize The Day
2025-05-06 08:39:33,994 - INFO - 
Successfully completed song tag generation
2025-05-06 08:39:37,511 - INFO - All songs in lyrics files are present in song_tags.yml
2025-05-06 08:39:37,511 - INFO - 
Directories skipped due to hyphenated names:
2025-05-06 08:39:37,511 - INFO - - Carpe Diem - seize the day
2025-05-06 08:39:37,511 - INFO - - Carpe Diem - seize the day
2025-05-06 08:39:37,511 - INFO - - Carpe Diem - seize the day
2025-05-06 08:39:37,511 - INFO - - Carpe Diem - Seize The Day
2025-05-06 08:39:37,511 - INFO - 
Successfully completed song tag generation
2025-05-06 08:39:41,983 - INFO - All songs in lyrics files are present in song_tags.yml
2025-05-06 08:39:41,983 - INFO - 
Directories skipped due to hyphenated names:
2025-05-06 08:39:41,983 - INFO - - Carpe Diem - seize the day
2025-05-06 08:39:41,983 - INFO - - Carpe Diem - seize the day
2025-05-06 08:39:41,983 - INFO - - Carpe Diem - seize the day
2025-05-06 08:39:41,983 - INFO - - Carpe Diem - Seize The Day
2025-05-06 08:39:41,983 - INFO - 
Successfully completed song tag generation
2025-05-06 08:39:46,254 - INFO - All songs in lyrics files are present in song_tags.yml
2025-05-06 08:39:46,255 - INFO - 
Directories skipped due to hyphenated names:
2025-05-06 08:39:46,255 - INFO - - Carpe Diem - seize the day
2025-05-06 08:39:46,255 - INFO - - Carpe Diem - seize the day
2025-05-06 08:39:46,255 - INFO - - Carpe Diem - seize the day
2025-05-06 08:39:46,255 - INFO - - Carpe Diem - Seize The Day
2025-05-06 08:39:46,255 - INFO - 
Successfully completed song tag generation
2025-05-06 08:39:50,557 - INFO - All songs in lyrics files are present in song_tags.yml
2025-05-06 08:39:50,557 - INFO - 
Directories skipped due to hyphenated names:
2025-05-06 08:39:50,557 - INFO - - Carpe Diem - seize the day
2025-05-06 08:39:50,557 - INFO - - Carpe Diem - seize the day
2025-05-06 08:39:50,557 - INFO - - Carpe Diem - seize the day
2025-05-06 08:39:50,557 - INFO - - Carpe Diem - Seize The Day
2025-05-06 08:39:50,557 - INFO - 
Successfully completed song tag generation
2025-05-06 08:39:55,084 - INFO - All songs in lyrics files are present in song_tags.yml
2025-05-06 08:39:55,084 - INFO - 
Directories skipped due to hyphenated names:
2025-05-06 08:39:55,084 - INFO - - Carpe Diem - seize the day
2025-05-06 08:39:55,084 - INFO - - Carpe Diem - seize the day
2025-05-06 08:39:55,084 - INFO - - Carpe Diem - seize the day
2025-05-06 08:39:55,084 - INFO - - Carpe Diem - Seize The Day
2025-05-06 08:39:55,084 - INFO - 
Successfully completed song tag generation
2025-05-06 08:39:59,247 - INFO - All songs in lyrics files are present in song_tags.yml
2025-05-06 08:39:59,248 - INFO - 
Directories skipped due to hyphenated names:
2025-05-06 08:39:59,248 - INFO - - Carpe Diem - seize the day
2025-05-06 08:39:59,248 - INFO - - Carpe Diem - seize the day
2025-05-06 08:39:59,248 - INFO - - Carpe Diem - seize the day
2025-05-06 08:39:59,248 - INFO - - Carpe Diem - Seize The Day
2025-05-06 08:39:59,248 - INFO - 
Successfully completed song tag generation
2025-05-06 08:40:03,111 - INFO - All songs in lyrics files are present in song_tags.yml
2025-05-06 08:40:03,112 - INFO - 
Directories skipped due to hyphenated names:
2025-05-06 08:40:03,112 - INFO - - Carpe Diem - seize the day
2025-05-06 08:40:03,112 - INFO - - Carpe Diem - seize the day
2025-05-06 08:40:03,112 - INFO - - Carpe Diem - seize the day
2025-05-06 08:40:03,112 - INFO - - Carpe Diem - Seize The Day
2025-05-06 08:40:03,112 - INFO - 
Successfully completed song tag generation
2025-05-06 08:40:07,228 - INFO - All songs in lyrics files are present in song_tags.yml
2025-05-06 08:40:07,228 - INFO - 
Directories skipped due to hyphenated names:
2025-05-06 08:40:07,228 - INFO - - Carpe Diem - seize the day
2025-05-06 08:40:07,228 - INFO - - Carpe Diem - seize the day
2025-05-06 08:40:07,228 - INFO - - Carpe Diem - seize the day
2025-05-06 08:40:07,228 - INFO - - Carpe Diem - Seize The Day
2025-05-06 08:40:07,228 - INFO - 
Successfully completed song tag generation
2025-05-06 08:40:11,515 - INFO - All songs in lyrics files are present in song_tags.yml
2025-05-06 08:40:11,515 - INFO - 
Directories skipped due to hyphenated names:
2025-05-06 08:40:11,515 - INFO - - Carpe Diem - seize the day
2025-05-06 08:40:11,515 - INFO - - Carpe Diem - seize the day
2025-05-06 08:40:11,515 - INFO - - Carpe Diem - seize the day
2025-05-06 08:40:11,515 - INFO - - Carpe Diem - Seize The Day
2025-05-06 08:40:11,515 - INFO - 
Successfully completed song tag generation
2025-05-06 08:40:16,879 - INFO - All songs in lyrics files are present in song_tags.yml
2025-05-06 08:40:16,880 - INFO - 
Directories skipped due to hyphenated names:
2025-05-06 08:40:16,880 - INFO - - Carpe Diem - seize the day
2025-05-06 08:40:16,880 - INFO - - Carpe Diem - seize the day
2025-05-06 08:40:16,880 - INFO - - Carpe Diem - seize the day
2025-05-06 08:40:16,880 - INFO - - Carpe Diem - Seize The Day
2025-05-06 08:40:16,880 - INFO - 
Successfully completed song tag generation
All songs in lyrics files are present in song_tags.yml

Directories skipped due to hyphenated names:
- Carpe Diem - seize the day
- Carpe Diem - seize the day
- Carpe Diem - seize the day
- Carpe Diem - Seize The Day

Successfully completed song tag generation
All songs in lyrics files are present in song_tags.yml

Directories skipped due to hyphenated names:
- Carpe Diem - seize the day
- Carpe Diem - seize the day
- Carpe Diem - seize the day
- Carpe Diem - Seize The Day

Successfully completed song tag generation
All songs in lyrics files are present in song_tags.yml

Directories skipped due to hyphenated names:
- Carpe Diem - seize the day
- Carpe Diem - seize the day
- Carpe Diem - seize the day
- Carpe Diem - Seize The Day

Successfully completed song tag generation
All songs in lyrics files are present in song_tags.yml

Directories skipped due to hyphenated names:
- Carpe Diem - seize the day
- Carpe Diem - seize the day
- Carpe Diem - seize the day
- Carpe Diem - Seize The Day

Successfully completed song tag generation
All songs in lyrics files are present in song_tags.yml

Directories skipped due to hyphenated names:
- Carpe Diem - seize the day
- Carpe Diem - seize the day
- Carpe Diem - seize the day
- Carpe Diem - Seize The Day

Successfully completed song tag generation
All songs in lyrics files are present in song_tags.yml

Directories skipped due to hyphenated names:
- Carpe Diem - seize the day
- Carpe Diem - seize the day
- Carpe Diem - seize the day
- Carpe Diem - Seize The Day

Successfully completed song tag generation
All songs in lyrics files are present in song_tags.yml

Directories skipped due to hyphenated names:
- Carpe Diem - seize the day
- Carpe Diem - seize the day
- Carpe Diem - seize the day
- Carpe Diem - Seize The Day

Successfully completed song tag generation
All songs in lyrics files are present in song_tags.yml

Directories skipped due to hyphenated names:
- Carpe Diem - seize the day
- Carpe Diem - seize the day
- Carpe Diem - seize the day
- Carpe Diem - Seize The Day

Successfully completed song tag generation
All songs in lyrics files are present in song_tags.yml

Directories skipped due to hyphenated names:
- Carpe Diem - seize the day
- Carpe Diem - seize the day
- Carpe Diem - seize the day
- Carpe Diem - Seize The Day

Successfully completed song tag generation
All songs in lyrics files are present in song_tags.yml

Directories skipped due to hyphenated names:
- Carpe Diem - seize the day
- Carpe Diem - seize the day
- Carpe Diem - seize the day
- Carpe Diem - Seize The Day

Successfully completed song tag generation
All songs in lyrics files are present in song_tags.yml

Directories skipped due to hyphenated names:
- Carpe Diem - seize the day
- Carpe Diem - seize the day
- Carpe Diem - seize the day
- Carpe Diem - Seize The Day

Successfully completed song tag generation
All songs in lyrics files are present in song_tags.yml

Directories skipped due to hyphenated names:
- Carpe Diem - seize the day
- Carpe Diem - seize the day
- Carpe Diem - seize the day
- Carpe Diem - Seize The Day

Successfully completed song tag generation
All songs in lyrics files are present in song_tags.yml

Directories skipped due to hyphenated names:
- Carpe Diem - seize the day
- Carpe Diem - seize the day
- Carpe Diem - seize the day
- Carpe Diem - Seize The Day

Successfully completed song tag generation
All songs in lyrics files are present in song_tags.yml

Directories skipped due to hyphenated names:
- Carpe Diem - seize the day
- Carpe Diem - seize the day
- Carpe Diem - seize the day
- Carpe Diem - Seize The Day

Successfully completed song tag generation
All songs in lyrics files are present in song_tags.yml

Successfully completed song tag generation
All songs in lyrics files are present in song_tags.yml

Successfully completed song tag generation
All songs in lyrics files are present in song_tags.yml

Successfully completed song tag generation
All songs in lyrics files are present in song_tags.yml

Successfully completed song tag generation
All songs in lyrics files are present in song_tags.yml

Successfully completed song tag generation
All songs in lyrics files are present in song_tags.yml

Successfully completed song tag generation
All songs in lyrics files are present in song_tags.yml

Successfully completed song tag generation
All songs in lyrics files are present in song_tags.yml

Successfully completed song tag generation
All songs in lyrics files are present in song_tags.yml

Successfully completed song tag generation
All songs in lyrics files are present in song_tags.yml

Successfully completed song tag generation
All songs in lyrics files are present in song_tags.yml

Successfully completed song tag generation
All songs in lyrics files are present in song_tags.yml

Successfully completed song tag generation
All songs in lyrics files are present in song_tags.yml

Successfully completed song tag generation
All songs in lyrics files are present in song_tags.yml

Successfully completed song tag generation
All songs in lyrics files are present in song_tags.yml

Successfully completed song tag generation
All songs in lyrics files are present in song_tags.yml

Successfully completed song tag generation
All songs in lyrics files are present in song_tags.yml

Successfully completed song tag generation
All songs in lyrics files are present in song_tags.yml

Successfully completed song tag generation
All songs in lyrics files are present in song_tags.yml

Successfully completed song tag generation
All songs in lyrics files are present in song_tags.yml

Successfully completed song tag generation
All songs in lyrics files are present in song_tags.yml

Successfully completed song tag generation
